Command line:
   counter_isim_beh.exe
     -simmode  gui
     -simrunnum  0
     -socket  55700

Fri Nov 04 17:07:49 2022


 Elaboration Time: 0.046875 sec

 Current Memory Usage: 5150.84 Meg

 Total Signals          : 8
 Total Nets             : 56
 Total Signal Drivers   : 6
 Total Blocks           : 4
 Total Primitive Blocks : 4
 Total Processes        : 6
 Total Traceable Variables  : 10
 Total Scalar Nets and Variables : 434
Total Line Count : 12

 Total Simulation Time: 0.078125 sec

 Current Memory Usage: 5150.84 Meg

Fri Nov 04 17:08:04 2022

