Release 14.7 - xst P.20131013 (nt64)
Copyright (c) 1995-2013 Xilinx, Inc.  All rights reserved.
--> Parameter TMPDIR set to xst/projnav.tmp


Total REAL time to Xst completion: 0.00 secs
Total CPU time to Xst completion: 0.09 secs
 
--> Parameter xsthdpdir set to xst


Total REAL time to Xst completion: 0.00 secs
Total CPU time to Xst completion: 0.09 secs
 
--> Reading design: counter.prj

TABLE OF CONTENTS
  1) Synthesis Options Summary
  2) HDL Parsing
  3) HDL Elaboration
  4) HDL Synthesis
       4.1) HDL Synthesis Report
  5) Advanced HDL Synthesis
       5.1) Advanced HDL Synthesis Report
  6) Low Level Synthesis
  7) Partition Report
  8) Design Summary
       8.1) Primitive and Black Box Usage
       8.2) Device utilization summary
       8.3) Partition Resource Summary
       8.4) Timing Report
            8.4.1) Clock Information
            8.4.2) Asynchronous Control Signals Information
            8.4.3) Timing Summary
            8.4.4) Timing Details
            8.4.5) Cross Clock Domains Report


=========================================================================
*                      Synthesis Options Summary                        *
=========================================================================
---- Source Parameters
Input File Name                    : "counter.prj"
Ignore Synthesis Constraint File   : NO

---- Target Parameters
Output File Name                   : "counter"
Output Format                      : NGC
Target Device                      : xc6slx9-2-csg324

---- Source Options
Top Module Name                    : counter
Automatic FSM Extraction           : YES
FSM Encoding Algorithm             : Auto
Safe Implementation                : No
FSM Style                          : LUT
RAM Extraction                     : Yes
RAM Style                          : Auto
ROM Extraction                     : Yes
Shift Register Extraction          : YES
ROM Style                          : Auto
Resource Sharing                   : YES
Asynchronous To Synchronous        : NO
Shift Register Minimum Size        : 2
Use DSP Block                      : Auto
Automatic Register Balancing       : No

---- Target Options
LUT Combining                      : Auto
Reduce Control Sets                : Auto
Add IO Buffers                     : YES
Global Maximum Fanout              : 100000
Add Generic Clock Buffer(BUFG)     : 16
Register Duplication               : YES
Optimize Instantiated Primitives   : NO
Use Clock Enable                   : Auto
Use Synchronous Set                : Auto
Use Synchronous Reset              : Auto
Pack IO Registers into IOBs        : Auto
Equivalent register Removal        : YES

---- General Options
Optimization Goal                  : Speed
Optimization Effort                : 1
Power Reduction                    : NO
Keep Hierarchy                     : No
Netlist Hierarchy                  : As_Optimized
RTL Output                         : Yes
Global Optimization                : AllClockNets
Read Cores                         : YES
Write Timing Constraints           : NO
Cross Clock Analysis               : NO
Hierarchy Separator                : /
Bus Delimiter                      : <>
Case Specifier                     : Maintain
Slice Utilization Ratio            : 100
BRAM Utilization Ratio             : 100
DSP48 Utilization Ratio            : 100
Auto BRAM Packing                  : NO
Slice Utilization Ratio Delta      : 5

=========================================================================


=========================================================================
*                          HDL Parsing                                  *
=========================================================================
Parsing VHDL file "D:\Elektronika\FPGA\projekty\xilinx\LFSR\counter.vhd" into library work
Parsing entity <counter>.
Parsing architecture <Behavioral> of entity <counter>.

=========================================================================
*                            HDL Elaboration                            *
=========================================================================

Elaborating entity <counter> (architecture <Behavioral>) from library <work>.

=========================================================================
*                           HDL Synthesis                               *
=========================================================================

Synthesizing Unit <counter>.
    Related source file is "D:\Elektronika\FPGA\projekty\xilinx\LFSR\counter.vhd".
    Found 28-bit register for signal <one_second_counter>.
    Found 8-bit register for signal <counter>.
    Found 28-bit adder for signal <one_second_counter[27]_GND_5_o_add_1_OUT> created at line 27.
    Found 28-bit comparator lessequal for signal <n0001> created at line 24
    Summary:
	inferred   1 Adder/Subtractor(s).
	inferred  36 D-type flip-flop(s).
	inferred   1 Comparator(s).
	inferred   1 Multiplexer(s).
Unit <counter> synthesized.

=========================================================================
HDL Synthesis Report

Macro Statistics
# Adders/Subtractors                                   : 1
 28-bit adder                                          : 1
# Registers                                            : 2
 28-bit register                                       : 1
 8-bit register                                        : 1
# Comparators                                          : 1
 28-bit comparator lessequal                           : 1
# Multiplexers                                         : 1
 28-bit 2-to-1 multiplexer                             : 1
# Xors                                                 : 1
 1-bit xor4                                            : 1

=========================================================================

=========================================================================
*                       Advanced HDL Synthesis                          *
=========================================================================


Synthesizing (advanced) Unit <counter>.
The following registers are absorbed into counter <one_second_counter>: 1 register on signal <one_second_counter>.
Unit <counter> synthesized (advanced).

=========================================================================
Advanced HDL Synthesis Report

Macro Statistics
# Counters                                             : 1
 28-bit up counter                                     : 1
# Registers                                            : 8
 Flip-Flops                                            : 8
# Comparators                                          : 1
 28-bit comparator lessequal                           : 1
# Xors                                                 : 1
 1-bit xor4                                            : 1

=========================================================================

=========================================================================
*                         Low Level Synthesis                           *
=========================================================================

Optimizing unit <counter> ...

Mapping all equations...
Building and optimizing final netlist ...
Found area constraint ratio of 100 (+ 5) on block counter, actual ratio is 0.

Final Macro Processing ...

=========================================================================
Final Register Report

Macro Statistics
# Registers                                            : 36
 Flip-Flops                                            : 36

=========================================================================

=========================================================================
*                           Partition Report                            *
=========================================================================

Partition Implementation Status
-------------------------------

  No Partitions were found in this design.

-------------------------------

=========================================================================
*                            Design Summary                             *
=========================================================================

Top Level Output File Name         : counter.ngc

Primitive and Black Box Usage:
------------------------------
# BELS                             : 110
#      GND                         : 1
#      INV                         : 1
#      LUT2                        : 29
#      LUT3                        : 4
#      LUT4                        : 1
#      LUT5                        : 6
#      LUT6                        : 5
#      MUXCY                       : 34
#      VCC                         : 1
#      XORCY                       : 28
# FlipFlops/Latches                : 36
#      FDC                         : 35
#      FDP                         : 1
# Clock Buffers                    : 1
#      BUFGP                       : 1
# IO Buffers                       : 9
#      IBUF                        : 1
#      OBUF                        : 8

Device utilization summary:
---------------------------

Selected Device : 6slx9csg324-2 


Slice Logic Utilization: 
 Number of Slice Registers:              36  out of  11440     0%  
 Number of Slice LUTs:                   46  out of   5720     0%  
    Number used as Logic:                46  out of   5720     0%  

Slice Logic Distribution: 
 Number of LUT Flip Flop pairs used:     50
   Number with an unused Flip Flop:      14  out of     50    28%  
   Number with an unused LUT:             4  out of     50     8%  
   Number of fully used LUT-FF pairs:    32  out of     50    64%  
   Number of unique control sets:         2

IO Utilization: 
 Number of IOs:                          10
 Number of bonded IOBs:                  10  out of    200     5%  

Specific Feature Utilization:
 Number of BUFG/BUFGCTRLs:                1  out of     16     6%  

---------------------------
Partition Resource Summary:
---------------------------

  No Partitions were found in this design.

---------------------------


=========================================================================
Timing Report

NOTE: THESE TIMING NUMBERS ARE ONLY A SYNTHESIS ESTIMATE.
      FOR ACCURATE TIMING INFORMATION PLEASE REFER TO THE TRACE REPORT
      GENERATED AFTER PLACE-and-ROUTE.

Clock Information:
------------------
-------------------------------------------+------------------------+-------+
Clock Signal                               | Clock buffer(FF name)  | Load  |
-------------------------------------------+------------------------+-------+
one_second_enable(one_second_enable<27>6:O)| NONE(*)(Currstate_0)   | 8     |
clk                                        | BUFGP                  | 28    |
-------------------------------------------+------------------------+-------+
(*) This 1 clock signal(s) are generated by combinatorial logic,
and XST is not able to identify which are the primary clock signals.
Please use the CLOCK_SIGNAL constraint to specify the clock signal(s) generated by combinatorial logic.
INFO:Xst:2169 - HDL ADVISOR - Some clock signals were not automatically buffered by XST with BUFG/BUFR resources. Please use the buffer_type constraint in order to insert these buffers to the clock signals to help prevent skew problems.

Asynchronous Control Signals Information:
----------------------------------------
No asynchronous control signals found in this design

Timing Summary:
---------------
Speed Grade: -2

   Minimum period: 5.144ns (Maximum Frequency: 194.387MHz)
   Minimum input arrival time before clock: 4.309ns
   Maximum output required time after clock: 4.202ns
   Maximum combinational path delay: No path found

Timing Details:
---------------
All values displayed in nanoseconds (ns)

=========================================================================
Timing constraint: Default period analysis for Clock 'one_second_enable'
  Clock period: 1.855ns (frequency: 539.083MHz)
  Total number of paths / destination ports: 11 / 8
-------------------------------------------------------------------------
Delay:               1.855ns (Levels of Logic = 1)
  Source:            Currstate_0 (FF)
  Destination:       Currstate_7 (FF)
  Source Clock:      one_second_enable rising
  Destination Clock: one_second_enable rising

  Data Path: Currstate_0 to Currstate_7
                                Gate     Net
    Cell:in->out      fanout   Delay   Delay  Logical Name (Net Name)
    ----------------------------------------  ------------
     FDP:C->Q              2   0.525   1.002  Currstate_0 (Currstate_0)
     LUT4:I0->O            1   0.254   0.000  Mxor_feedback_xo<0>1 (feedback)
     FDC:D                     0.074          Currstate_7
    ----------------------------------------
    Total                      1.855ns (0.853ns logic, 1.002ns route)
                                       (46.0% logic, 54.0% route)

=========================================================================
Timing constraint: Default period analysis for Clock 'clk'
  Clock period: 5.144ns (frequency: 194.387MHz)
  Total number of paths / destination ports: 18200 / 28
-------------------------------------------------------------------------
Delay:               5.144ns (Levels of Logic = 35)
  Source:            one_second_counter_8 (FF)
  Destination:       one_second_counter_27 (FF)
  Source Clock:      clk rising
  Destination Clock: clk rising

  Data Path: one_second_counter_8 to one_second_counter_27
                                Gate     Net
    Cell:in->out      fanout   Delay   Delay  Logical Name (Net Name)
    ----------------------------------------  ------------
     FDC:C->Q              4   0.525   1.234  one_second_counter_8 (one_second_counter_8)
     LUT5:I0->O            1   0.254   0.000  Mcompar_GND_5_o_one_second_counter[27]_LessThan_1_o_lut<1> (Mcompar_GND_5_o_one_second_counter[27]_LessThan_1_o_lut<1>)
     MUXCY:S->O            1   0.215   0.000  Mcompar_GND_5_o_one_second_counter[27]_LessThan_1_o_cy<1> (Mcompar_GND_5_o_one_second_counter[27]_LessThan_1_o_cy<1>)
     MUXCY:CI->O           1   0.023   0.000  Mcompar_GND_5_o_one_second_counter[27]_LessThan_1_o_cy<2> (Mcompar_GND_5_o_one_second_counter[27]_LessThan_1_o_cy<2>)
     MUXCY:CI->O           1   0.023   0.000  Mcompar_GND_5_o_one_second_counter[27]_LessThan_1_o_cy<3> (Mcompar_GND_5_o_one_second_counter[27]_LessThan_1_o_cy<3>)
     MUXCY:CI->O           1   0.023   0.000  Mcompar_GND_5_o_one_second_counter[27]_LessThan_1_o_cy<4> (Mcompar_GND_5_o_one_second_counter[27]_LessThan_1_o_cy<4>)
     MUXCY:CI->O          29   0.023   1.470  Mcompar_GND_5_o_one_second_counter[27]_LessThan_1_o_cy<5> (GND_5_o_one_second_counter[27]_LessThan_1_o)
     LUT2:I1->O            1   0.254   0.000  Mcount_one_second_counter_lut<0> (Mcount_one_second_counter_lut<0>)
     MUXCY:S->O            1   0.215   0.000  Mcount_one_second_counter_cy<0> (Mcount_one_second_counter_cy<0>)
     MUXCY:CI->O           1   0.023   0.000  Mcount_one_second_counter_cy<1> (Mcount_one_second_counter_cy<1>)
     MUXCY:CI->O           1   0.023   0.000  Mcount_one_second_counter_cy<2> (Mcount_one_second_counter_cy<2>)
     MUXCY:CI->O           1   0.023   0.000  Mcount_one_second_counter_cy<3> (Mcount_one_second_counter_cy<3>)
     MUXCY:CI->O           1   0.023   0.000  Mcount_one_second_counter_cy<4> (Mcount_one_second_counter_cy<4>)
     MUXCY:CI->O           1   0.023   0.000  Mcount_one_second_counter_cy<5> (Mcount_one_second_counter_cy<5>)
     MUXCY:CI->O           1   0.023   0.000  Mcount_one_second_counter_cy<6> (Mcount_one_second_counter_cy<6>)
     MUXCY:CI->O           1   0.023   0.000  Mcount_one_second_counter_cy<7> (Mcount_one_second_counter_cy<7>)
     MUXCY:CI->O           1   0.023   0.000  Mcount_one_second_counter_cy<8> (Mcount_one_second_counter_cy<8>)
     MUXCY:CI->O           1   0.023   0.000  Mcount_one_second_counter_cy<9> (Mcount_one_second_counter_cy<9>)
     MUXCY:CI->O           1   0.023   0.000  Mcount_one_second_counter_cy<10> (Mcount_one_second_counter_cy<10>)
     MUXCY:CI->O           1   0.023   0.000  Mcount_one_second_counter_cy<11> (Mcount_one_second_counter_cy<11>)
     MUXCY:CI->O           1   0.023   0.000  Mcount_one_second_counter_cy<12> (Mcount_one_second_counter_cy<12>)
     MUXCY:CI->O           1   0.023   0.000  Mcount_one_second_counter_cy<13> (Mcount_one_second_counter_cy<13>)
     MUXCY:CI->O           1   0.023   0.000  Mcount_one_second_counter_cy<14> (Mcount_one_second_counter_cy<14>)
     MUXCY:CI->O           1   0.023   0.000  Mcount_one_second_counter_cy<15> (Mcount_one_second_counter_cy<15>)
     MUXCY:CI->O           1   0.023   0.000  Mcount_one_second_counter_cy<16> (Mcount_one_second_counter_cy<16>)
     MUXCY:CI->O           1   0.023   0.000  Mcount_one_second_counter_cy<17> (Mcount_one_second_counter_cy<17>)
     MUXCY:CI->O           1   0.023   0.000  Mcount_one_second_counter_cy<18> (Mcount_one_second_counter_cy<18>)
     MUXCY:CI->O           1   0.023   0.000  Mcount_one_second_counter_cy<19> (Mcount_one_second_counter_cy<19>)
     MUXCY:CI->O           1   0.023   0.000  Mcount_one_second_counter_cy<20> (Mcount_one_second_counter_cy<20>)
     MUXCY:CI->O           1   0.023   0.000  Mcount_one_second_counter_cy<21> (Mcount_one_second_counter_cy<21>)
     MUXCY:CI->O           1   0.023   0.000  Mcount_one_second_counter_cy<22> (Mcount_one_second_counter_cy<22>)
     MUXCY:CI->O           1   0.023   0.000  Mcount_one_second_counter_cy<23> (Mcount_one_second_counter_cy<23>)
     MUXCY:CI->O           1   0.023   0.000  Mcount_one_second_counter_cy<24> (Mcount_one_second_counter_cy<24>)
     MUXCY:CI->O           1   0.023   0.000  Mcount_one_second_counter_cy<25> (Mcount_one_second_counter_cy<25>)
     MUXCY:CI->O           0   0.023   0.000  Mcount_one_second_counter_cy<26> (Mcount_one_second_counter_cy<26>)
     XORCY:CI->O           1   0.206   0.000  Mcount_one_second_counter_xor<27> (Mcount_one_second_counter27)
     FDC:D                     0.074          one_second_counter_27
    ----------------------------------------
    Total                      5.144ns (2.441ns logic, 2.704ns route)
                                       (47.4% logic, 52.6% route)

=========================================================================
Timing constraint: Default OFFSET IN BEFORE for Clock 'one_second_enable'
  Total number of paths / destination ports: 8 / 8
-------------------------------------------------------------------------
Offset:              4.309ns (Levels of Logic = 2)
  Source:            reset (PAD)
  Destination:       Currstate_0 (FF)
  Destination Clock: one_second_enable rising

  Data Path: reset to Currstate_0
                                Gate     Net
    Cell:in->out      fanout   Delay   Delay  Logical Name (Net Name)
    ----------------------------------------  ------------
     IBUF:I->O             1   1.328   0.681  reset_IBUF (reset_IBUF)
     INV:I->O             36   0.255   1.586  reset_inv1_INV_0 (reset_inv)
     FDP:PRE                   0.459          Currstate_0
    ----------------------------------------
    Total                      4.309ns (2.042ns logic, 2.267ns route)
                                       (47.4% logic, 52.6% route)

=========================================================================
Timing constraint: Default OFFSET IN BEFORE for Clock 'clk'
  Total number of paths / destination ports: 28 / 28
-------------------------------------------------------------------------
Offset:              4.309ns (Levels of Logic = 2)
  Source:            reset (PAD)
  Destination:       one_second_counter_0 (FF)
  Destination Clock: clk rising

  Data Path: reset to one_second_counter_0
                                Gate     Net
    Cell:in->out      fanout   Delay   Delay  Logical Name (Net Name)
    ----------------------------------------  ------------
     IBUF:I->O             1   1.328   0.681  reset_IBUF (reset_IBUF)
     INV:I->O             36   0.255   1.586  reset_inv1_INV_0 (reset_inv)
     FDC:CLR                   0.459          one_second_counter_0
    ----------------------------------------
    Total                      4.309ns (2.042ns logic, 2.267ns route)
                                       (47.4% logic, 52.6% route)

=========================================================================
Timing constraint: Default OFFSET OUT AFTER for Clock 'one_second_enable'
  Total number of paths / destination ports: 8 / 8
-------------------------------------------------------------------------
Offset:              4.202ns (Levels of Logic = 1)
  Source:            Currstate_4 (FF)
  Destination:       counter<4> (PAD)
  Source Clock:      one_second_enable rising

  Data Path: Currstate_4 to counter<4>
                                Gate     Net
    Cell:in->out      fanout   Delay   Delay  Logical Name (Net Name)
    ----------------------------------------  ------------
     FDC:C->Q              3   0.525   0.765  Currstate_4 (Currstate_4)
     OBUF:I->O                 2.912          counter_4_OBUF (counter<4>)
    ----------------------------------------
    Total                      4.202ns (3.437ns logic, 0.765ns route)
                                       (81.8% logic, 18.2% route)

=========================================================================

Cross Clock Domains Report:
--------------------------

Clock to Setup on destination clock clk
---------------+---------+---------+---------+---------+
               | Src:Rise| Src:Fall| Src:Rise| Src:Fall|
Source Clock   |Dest:Rise|Dest:Rise|Dest:Fall|Dest:Fall|
---------------+---------+---------+---------+---------+
clk            |    5.144|         |         |         |
---------------+---------+---------+---------+---------+

Clock to Setup on destination clock one_second_enable
-----------------+---------+---------+---------+---------+
                 | Src:Rise| Src:Fall| Src:Rise| Src:Fall|
Source Clock     |Dest:Rise|Dest:Rise|Dest:Fall|Dest:Fall|
-----------------+---------+---------+---------+---------+
one_second_enable|    1.855|         |         |         |
-----------------+---------+---------+---------+---------+

=========================================================================


Total REAL time to Xst completion: 5.00 secs
Total CPU time to Xst completion: 5.03 secs
 
--> 

Total memory usage is 4486164 kilobytes

Number of errors   :    0 (   0 filtered)
Number of warnings :    0 (   0 filtered)
Number of infos    :    1 (   0 filtered)

